Plotter.obj : error LNK2001: unresolved external symbol __imp__PyFunction_Type
Plotter.obj : error LNK2001: unresolved external symbol __imp__PyImport_ImportModule
Plotter.obj : error LNK2001: unresolved external symbol __imp__PyExc_RuntimeError
Plotter.obj : error LNK2001: unresolved external symbol __imp__PyTuple_New
Plotter.obj : error LNK2001: unresolved external symbol __imp__PyDict_SetItemString
Plotter.obj : error LNK2001: unresolved external symbol __imp__PyExc_AttributeError
Plotter.obj : error LNK2001: unresolved external symbol __imp__PyErr_SetString
Plotter.obj : error LNK2001: unresolved external symbol __imp__PyErr_Format
Plotter.obj : error LNK2001: unresolved external symbol __imp__Py_Finalize
Plotter.obj : error LNK2001: unresolved external symbol __imp___Py_FalseStruct
Plotter.obj : error LNK2001: unresolved external symbol __imp__Py_SetProgramName
Plotter.obj : error LNK2001: unresolved external symbol __imp__Py_Initialize
Plotter.obj : error LNK2001: unresolved external symbol __imp__PyCapsule_GetPointer
Plotter.obj : error LNK2001: unresolved external symbol __imp__PyObject_GetAttrString
Plotter.obj : error LNK2001: unresolved external symbol __imp__PyDict_New
Plotter.obj : error LNK2001: unresolved external symbol __imp__PyObject_CallMethod
Plotter.obj : error LNK2001: unresolved external symbol __imp__PyTuple_SetItem
Plotter.obj : error LNK2001: unresolved external symbol __imp__PyObject_CallObject
Plotter.obj : error LNK2001: unresolved external symbol __imp__PyImport_Import
Plotter.obj : error LNK2001: unresolved external symbol __imp__PyCapsule_Type
Plotter.obj : error LNK2001: unresolved external symbol __imp__PyExc_ImportError
Plotter.obj : error LNK2001: unresolved external symbol __imp__PyErr_Print
Plotter.obj : error LNK2001: unresolved external symbol __imp__PyUnicode_FromString
Plotter.obj : error LNK2001: unresolved external symbol __imp__PyObject_Call
C:\Users\inter\source\repos\Plotter\Release\Plotter.exe : fatal error LNK1120: 24 unresolved externals
